0 info it worked if it ends with ok
1 verbose cli [ 'C:\\Program Files\\nodejs\\node.exe',
1 verbose cli   'C:\\Program Files\\nodejs\\node_modules\\npm\\bin\\npm-cli.js',
1 verbose cli   'run-script',
1 verbose cli   'start' ]
2 info using npm@4.1.2
3 info using node@v7.5.0
4 verbose run-script [ 'prestart', 'start', 'poststart' ]
5 info lifecycle restserver@0.0.0~prestart: restserver@0.0.0
6 silly lifecycle restserver@0.0.0~prestart: no script for prestart, continuing
7 info lifecycle restserver@0.0.0~start: restserver@0.0.0
8 verbose lifecycle restserver@0.0.0~start: unsafe-perm in lifecycle true
9 verbose lifecycle restserver@0.0.0~start: PATH: C:\Program Files\nodejs\node_modules\npm\bin\node-gyp-bin;C:\Users\SB004\WebstormProjects\deliverables\software\MySummerCamp\restserver\node_modules\.bin;C:\ProgramData\Oracle\Java\javapath;C:\Windows\system32;C:\Windows;C:\Windows\System32\Wbem;C:\Windows\System32\WindowsPowerShell\v1.0\;C:\Program Files\Git\cmd;C:\Program Files\Java\jdk1.8.0_121\bin\javac.exe;C:\Program Files\Java\jdk1.8.0_121\bin\java.exe;C:\Program Files\Java\jre1.8.0_121\lib\rt.jar;C:\Program Files\nodejs;C:\Program Files\nodejs;C:\Program Files\Git\cmd;C:\Program Files\nodejs\node.exe;C:\Program Files\nodejs\node_modules\npm\bin\npm-cli.js;C:\Program Files\nodejs\;C:\Program Files\MongoDB\Server\3.4\bin;C:\Program Files\Java\jdk1.8.0_121\bin\javac.exe;C:\Program Files\Java\jdk1.8.0_121\bin\java.exe;C:\Program Files\Java\jre1.8.0_121\lib\rt.jar;C:\Program Files\nodejs;C:\Program Files\Git\cmd;C:\Program Files\nodejs\node.exe;C:\Program Files\nodejs\node_modules\npm\bin\npm-cli.js;C:\Users\SB004\AppData\Roaming\npm;C:\Program Files\MongoDB\Server\3.4\bin,NODE_DEBUG=foo
10 verbose lifecycle restserver@0.0.0~start: CWD: C:\Users\SB004\WebstormProjects\deliverables\software\MySummerCamp\restserver
11 silly lifecycle restserver@0.0.0~start: Args: [ '/d /s /c', 'node ./bin/www' ]
12 silly lifecycle restserver@0.0.0~start: Returned: code: 1  signal: null
13 info lifecycle restserver@0.0.0~start: Failed to exec start script
14 verbose stack Error: restserver@0.0.0 start: `node ./bin/www`
14 verbose stack Exit status 1
14 verbose stack     at EventEmitter.<anonymous> (C:\Program Files\nodejs\node_modules\npm\lib\utils\lifecycle.js:279:16)
14 verbose stack     at emitTwo (events.js:106:13)
14 verbose stack     at EventEmitter.emit (events.js:192:7)
14 verbose stack     at ChildProcess.<anonymous> (C:\Program Files\nodejs\node_modules\npm\lib\utils\spawn.js:40:14)
14 verbose stack     at emitTwo (events.js:106:13)
14 verbose stack     at ChildProcess.emit (events.js:192:7)
14 verbose stack     at maybeClose (internal/child_process.js:890:16)
14 verbose stack     at Process.ChildProcess._handle.onexit (internal/child_process.js:226:5)
15 verbose pkgid restserver@0.0.0
16 verbose cwd C:\Users\SB004\WebstormProjects\deliverables\software\MySummerCamp\restserver
17 error Windows_NT 6.2.9200
18 error argv "C:\\Program Files\\nodejs\\node.exe" "C:\\Program Files\\nodejs\\node_modules\\npm\\bin\\npm-cli.js" "run-script" "start"
19 error node v7.5.0
20 error npm  v4.1.2
21 error code ELIFECYCLE
22 error restserver@0.0.0 start: `node ./bin/www`
22 error Exit status 1
23 error Failed at the restserver@0.0.0 start script 'node ./bin/www'.
23 error Make sure you have the latest version of node.js and npm installed.
23 error If you do, this is most likely a problem with the restserver package,
23 error not with npm itself.
23 error Tell the author that this fails on your system:
23 error     node ./bin/www
23 error You can get information on how to open an issue for this project with:
23 error     npm bugs restserver
23 error Or if that isn't available, you can get their info via:
23 error     npm owner ls restserver
23 error There is likely additional logging output above.
24 verbose exit [ 1, true ]
